<?xml version="1.0" encoding="UTF-8"?>
<!-- Generated by org.testng.reporters.JUnitReportReporter -->
<testsuite hostname="SUCSekhar98" failures="0" tests="1" name="org.uma.api.practice.concepts.SerializationAndDeserialization" time="0.317" errors="0" timestamp="2025-04-06T17:16:43 IST" skipped="0">
  <testcase classname="org.uma.api.practice.concepts.SerializationAndDeserialization" name="Serialization" time="0.317"/>
</testsuite> <!-- org.uma.api.practice.concepts.SerializationAndDeserialization -->
