<?xml version="1.0" encoding="UTF-8"?>
<!-- Generated by org.testng.reporters.JUnitReportReporter -->
<testsuite hostname="SUCSekhar98" failures="0" tests="1" name="org.uma.api.validations.Ecommerce.AuthValidations" time="2.342" errors="0" timestamp="2025-03-30T13:48:55 IST" skipped="0">
  <testcase classname="org.uma.api.validations.Ecommerce.AuthValidations" name="validLogin" time="2.342"/>
</testsuite> <!-- org.uma.api.validations.Ecommerce.AuthValidations -->
