<?xml version="1.0" encoding="UTF-8"?>
<!-- Generated by org.testng.reporters.JUnitReportReporter -->
<testsuite hostname="SUCSekhar98" failures="0" tests="1" name="org.uma.api.practice.concepts.p1" time="0.329" errors="0" timestamp="2025-04-06T21:19:15 IST" skipped="0">
  <testcase classname="org.uma.api.practice.concepts.p1" name="pr" time="0.329"/>
</testsuite> <!-- org.uma.api.practice.concepts.p1 -->
