<?xml version="1.0" encoding="UTF-8"?>
<!-- Generated by org.testng.reporters.JUnitReportReporter -->
<testsuite hostname="SUCSekhar98" failures="0" tests="1" name="org.uma.api.practice.nested_payload.CreatedNestedJSONFromPOJO" time="0.371" errors="0" timestamp="2025-04-06T17:37:13 IST" skipped="0">
  <testcase classname="org.uma.api.practice.nested_payload.CreatedNestedJSONFromPOJO" name="generatePOJOData" time="0.371"/>
</testsuite> <!-- org.uma.api.practice.nested_payload.CreatedNestedJSONFromPOJO -->
